2018-02-28 at 18:12:38.268 EST INFO  - Starting HolidayApplication on Vishav with PID 18684 (D:\Courses\FSU\courses\CIS5915\karthik\InteliJWorkspace-Karthik\Holiday\target\classes started by visha in D:\Courses\FSU\courses\CIS5915\karthik\InteliJWorkspace-Karthik\Holiday)
2018-02-28 at 18:12:38.273 EST DEBUG - Running with Spring Boot v1.5.2.RELEASE, Spring v4.3.7.RELEASE
2018-02-28 at 18:12:38.274 EST INFO  - No active profile set, falling back to default profiles: default
2018-02-28 at 18:12:52.137 EST INFO  - Started HolidayApplication in 15.305 seconds (JVM running for 18.6)
2018-02-28 at 18:12:59.673 EST INFO  - Before Executing String[] holiday.web.controllers.holidayController.getAllCountries()
2018-02-28 at 18:12:59.683 EST INFO  - Before Executing String[] holiday.web.services.HolidayService.getAllCountries()
2018-02-28 at 18:13:00.459 EST INFO  - After Returning String[] holiday.web.services.HolidayService.getAllCountries()
2018-02-28 at 18:13:00.460 EST INFO  - After Finally String[] holiday.web.services.HolidayService.getAllCountries()
2018-02-28 at 18:13:00.460 EST INFO  - After Returning String[] holiday.web.controllers.holidayController.getAllCountries()
2018-02-28 at 18:13:00.460 EST INFO  - After Finally String[] holiday.web.controllers.holidayController.getAllCountries()
2018-02-28 at 18:13:06.827 EST INFO  - Before Executing String holiday.web.controllers.holidayController.getStates(String)
2018-02-28 at 18:13:06.828 EST INFO  - Before Executing String holiday.web.services.HolidayService.getStates(String)
2018-02-28 at 18:13:07.160 EST INFO  - After Returning String holiday.web.services.HolidayService.getStates(String)
2018-02-28 at 18:13:07.161 EST INFO  - After Finally String holiday.web.services.HolidayService.getStates(String)
2018-02-28 at 18:13:07.162 EST INFO  - After Returning String holiday.web.controllers.holidayController.getStates(String)
2018-02-28 at 18:13:07.164 EST INFO  - After Finally String holiday.web.controllers.holidayController.getStates(String)
2018-02-28 at 18:13:07.220 EST INFO  - Before Executing String holiday.web.controllers.holidayController.getCountryCities(String)
2018-02-28 at 18:13:07.222 EST INFO  - Before Executing String holiday.web.services.HolidayService.getCountryCities(String)
2018-02-28 at 18:13:07.305 EST INFO  - After Returning String holiday.web.services.HolidayService.getCountryCities(String)
2018-02-28 at 18:13:07.306 EST INFO  - After Finally String holiday.web.services.HolidayService.getCountryCities(String)
2018-02-28 at 18:13:07.307 EST INFO  - After Returning String holiday.web.controllers.holidayController.getCountryCities(String)
2018-02-28 at 18:13:07.307 EST INFO  - After Finally String holiday.web.controllers.holidayController.getCountryCities(String)
2018-02-28 at 18:13:12.051 EST INFO  - Before Executing String holiday.web.controllers.holidayController.getStates(String)
2018-02-28 at 18:13:12.051 EST INFO  - Before Executing String holiday.web.services.HolidayService.getStates(String)
2018-02-28 at 18:13:12.162 EST INFO  - After Returning String holiday.web.services.HolidayService.getStates(String)
2018-02-28 at 18:13:12.163 EST INFO  - After Finally String holiday.web.services.HolidayService.getStates(String)
2018-02-28 at 18:13:12.164 EST INFO  - After Returning String holiday.web.controllers.holidayController.getStates(String)
2018-02-28 at 18:13:12.164 EST INFO  - After Finally String holiday.web.controllers.holidayController.getStates(String)
2018-02-28 at 18:13:12.210 EST INFO  - Before Executing String holiday.web.controllers.holidayController.getCountryCities(String)
2018-02-28 at 18:13:12.218 EST INFO  - Before Executing String holiday.web.services.HolidayService.getCountryCities(String)
2018-02-28 at 18:13:12.301 EST INFO  - After Returning String holiday.web.services.HolidayService.getCountryCities(String)
2018-02-28 at 18:13:12.302 EST INFO  - After Finally String holiday.web.services.HolidayService.getCountryCities(String)
2018-02-28 at 18:13:12.303 EST INFO  - After Returning String holiday.web.controllers.holidayController.getCountryCities(String)
2018-02-28 at 18:13:12.304 EST INFO  - After Finally String holiday.web.controllers.holidayController.getCountryCities(String)
2018-02-28 at 18:24:42.181 EST INFO  - Before Executing String[] holiday.web.controllers.holidayController.getAllCountries()
2018-02-28 at 18:24:42.182 EST INFO  - Before Executing String[] holiday.web.services.HolidayService.getAllCountries()
2018-02-28 at 18:24:42.379 EST INFO  - After Returning String[] holiday.web.services.HolidayService.getAllCountries()
2018-02-28 at 18:24:42.379 EST INFO  - After Finally String[] holiday.web.services.HolidayService.getAllCountries()
2018-02-28 at 18:24:42.379 EST INFO  - After Returning String[] holiday.web.controllers.holidayController.getAllCountries()
2018-02-28 at 18:24:42.379 EST INFO  - After Finally String[] holiday.web.controllers.holidayController.getAllCountries()
2018-02-28 at 18:24:45.478 EST INFO  - Before Executing String holiday.web.controllers.holidayController.getStates(String)
2018-02-28 at 18:24:45.479 EST INFO  - Before Executing String holiday.web.services.HolidayService.getStates(String)
2018-02-28 at 18:24:46.064 EST INFO  - After Returning String holiday.web.services.HolidayService.getStates(String)
2018-02-28 at 18:24:46.065 EST INFO  - After Finally String holiday.web.services.HolidayService.getStates(String)
2018-02-28 at 18:24:46.066 EST INFO  - After Returning String holiday.web.controllers.holidayController.getStates(String)
2018-02-28 at 18:24:46.066 EST INFO  - After Finally String holiday.web.controllers.holidayController.getStates(String)
2018-02-28 at 18:24:46.104 EST INFO  - Before Executing String holiday.web.controllers.holidayController.getCountryCities(String)
2018-02-28 at 18:24:46.106 EST INFO  - Before Executing String holiday.web.services.HolidayService.getCountryCities(String)
2018-02-28 at 18:24:46.260 EST INFO  - After Returning String holiday.web.services.HolidayService.getCountryCities(String)
2018-02-28 at 18:24:46.261 EST INFO  - After Finally String holiday.web.services.HolidayService.getCountryCities(String)
2018-02-28 at 18:24:46.262 EST INFO  - After Returning String holiday.web.controllers.holidayController.getCountryCities(String)
2018-02-28 at 18:24:46.262 EST INFO  - After Finally String holiday.web.controllers.holidayController.getCountryCities(String)
2018-02-28 at 18:25:19.256 EST INFO  - Before Executing String holiday.web.controllers.holidayController.getStates(String)
2018-02-28 at 18:25:19.257 EST INFO  - Before Executing String holiday.web.services.HolidayService.getStates(String)
2018-02-28 at 18:25:21.042 EST INFO  - After Returning String holiday.web.services.HolidayService.getStates(String)
2018-02-28 at 18:25:21.043 EST INFO  - After Finally String holiday.web.services.HolidayService.getStates(String)
2018-02-28 at 18:25:21.043 EST INFO  - After Returning String holiday.web.controllers.holidayController.getStates(String)
2018-02-28 at 18:25:21.044 EST INFO  - After Finally String holiday.web.controllers.holidayController.getStates(String)
2018-02-28 at 18:25:21.084 EST INFO  - Before Executing String holiday.web.controllers.holidayController.getCountryCities(String)
2018-02-28 at 18:25:21.085 EST INFO  - Before Executing String holiday.web.services.HolidayService.getCountryCities(String)
2018-02-28 at 18:25:22.001 EST INFO  - After Returning String holiday.web.services.HolidayService.getCountryCities(String)
2018-02-28 at 18:25:22.002 EST INFO  - After Finally String holiday.web.services.HolidayService.getCountryCities(String)
2018-02-28 at 18:25:22.003 EST INFO  - After Returning String holiday.web.controllers.holidayController.getCountryCities(String)
2018-02-28 at 18:25:22.004 EST INFO  - After Finally String holiday.web.controllers.holidayController.getCountryCities(String)
2018-02-28 at 18:25:37.525 EST INFO  - Before Executing String[] holiday.web.controllers.holidayController.getAllCountries()
2018-02-28 at 18:25:37.525 EST INFO  - Before Executing String[] holiday.web.services.HolidayService.getAllCountries()
2018-02-28 at 18:25:47.262 EST INFO  - After Returning String[] holiday.web.services.HolidayService.getAllCountries()
2018-02-28 at 18:25:47.262 EST INFO  - After Finally String[] holiday.web.services.HolidayService.getAllCountries()
2018-02-28 at 18:25:47.262 EST INFO  - After Returning String[] holiday.web.controllers.holidayController.getAllCountries()
2018-02-28 at 18:25:47.262 EST INFO  - After Finally String[] holiday.web.controllers.holidayController.getAllCountries()
2018-02-28 at 18:25:54.297 EST INFO  - Before Executing String holiday.web.controllers.holidayController.getStates(String)
2018-02-28 at 18:25:54.298 EST INFO  - Before Executing String holiday.web.services.HolidayService.getStates(String)
2018-02-28 at 18:25:54.469 EST INFO  - After Returning String holiday.web.services.HolidayService.getStates(String)
2018-02-28 at 18:25:54.469 EST INFO  - After Finally String holiday.web.services.HolidayService.getStates(String)
2018-02-28 at 18:25:54.469 EST INFO  - After Returning String holiday.web.controllers.holidayController.getStates(String)
2018-02-28 at 18:25:54.469 EST INFO  - After Finally String holiday.web.controllers.holidayController.getStates(String)
2018-02-28 at 18:25:54.485 EST INFO  - Before Executing String holiday.web.controllers.holidayController.getCountryCities(String)
2018-02-28 at 18:25:54.486 EST INFO  - Before Executing String holiday.web.services.HolidayService.getCountryCities(String)
2018-02-28 at 18:25:54.574 EST INFO  - After Returning String holiday.web.services.HolidayService.getCountryCities(String)
2018-02-28 at 18:25:54.575 EST INFO  - After Finally String holiday.web.services.HolidayService.getCountryCities(String)
2018-02-28 at 18:25:54.576 EST INFO  - After Returning String holiday.web.controllers.holidayController.getCountryCities(String)
2018-02-28 at 18:25:54.576 EST INFO  - After Finally String holiday.web.controllers.holidayController.getCountryCities(String)
2018-02-28 at 18:26:02.555 EST INFO  - Before Executing String holiday.web.controllers.holidayController.getCities(String,String)
2018-02-28 at 18:26:02.555 EST INFO  - Before Executing String holiday.web.services.HolidayService.getCities(String,String)
2018-02-28 at 18:26:07.768 EST INFO  - After Returning String holiday.web.services.HolidayService.getCities(String,String)
2018-02-28 at 18:26:07.769 EST INFO  - After Finally String holiday.web.services.HolidayService.getCities(String,String)
2018-02-28 at 18:26:07.770 EST INFO  - After Returning String holiday.web.controllers.holidayController.getCities(String,String)
2018-02-28 at 18:26:07.771 EST INFO  - After Finally String holiday.web.controllers.holidayController.getCities(String,String)
2018-02-28 at 18:26:35.257 EST INFO  - Before Executing String holiday.web.controllers.holidayController.getCities(String,String)
2018-02-28 at 18:26:35.258 EST INFO  - Before Executing String holiday.web.services.HolidayService.getCities(String,String)
2018-02-28 at 18:26:35.574 EST INFO  - After Returning String holiday.web.services.HolidayService.getCities(String,String)
2018-02-28 at 18:26:35.574 EST INFO  - After Finally String holiday.web.services.HolidayService.getCities(String,String)
2018-02-28 at 18:26:35.574 EST INFO  - After Returning String holiday.web.controllers.holidayController.getCities(String,String)
2018-02-28 at 18:26:35.575 EST INFO  - After Finally String holiday.web.controllers.holidayController.getCities(String,String)
2018-02-28 at 18:26:44.931 EST INFO  - Before Executing String[] holiday.web.controllers.holidayController.getAllCountries()
2018-02-28 at 18:26:44.932 EST INFO  - Before Executing String[] holiday.web.services.HolidayService.getAllCountries()
2018-02-28 at 18:26:44.946 EST INFO  - Before Executing List holiday.web.controllers.holidayController.getFreeHolidays(String,String,String,int,int,int,int,int,int)
2018-02-28 at 18:26:44.946 EST INFO  - Before Executing List holiday.web.services.HolidayService.getFreeHolidays(String,String,String,int,int,int,int,int,int)
2018-02-28 at 18:26:45.363 EST INFO  - After Returning String[] holiday.web.services.HolidayService.getAllCountries()
2018-02-28 at 18:26:45.365 EST INFO  - After Finally String[] holiday.web.services.HolidayService.getAllCountries()
2018-02-28 at 18:26:45.365 EST INFO  - After Returning String[] holiday.web.controllers.holidayController.getAllCountries()
2018-02-28 at 18:26:45.365 EST INFO  - After Finally String[] holiday.web.controllers.holidayController.getAllCountries()
2018-02-28 at 18:26:45.859 EST INFO  - After Returning List holiday.web.services.HolidayService.getFreeHolidays(String,String,String,int,int,int,int,int,int)
2018-02-28 at 18:26:45.860 EST INFO  - After Finally List holiday.web.services.HolidayService.getFreeHolidays(String,String,String,int,int,int,int,int,int)
2018-02-28 at 18:26:45.860 EST INFO  - After Returning List holiday.web.controllers.holidayController.getFreeHolidays(String,String,String,int,int,int,int,int,int)
2018-02-28 at 18:26:45.860 EST INFO  - After Finally List holiday.web.controllers.holidayController.getFreeHolidays(String,String,String,int,int,int,int,int,int)
