2018-02-22 at 20:38:22.345 EST INFO  - Starting HolidayApplication on Vishav with PID 3448 (D:\Courses\FSU\courses\CIS5915\karthik\InteliJWorkspace-Karthik\Holiday\target\classes started by visha in D:\Courses\FSU\courses\CIS5915\karthik\InteliJWorkspace-Karthik\Holiday)
2018-02-22 at 20:38:22.348 EST INFO  - No active profile set, falling back to default profiles: default
2018-02-22 at 20:38:37.811 EST INFO  - Started HolidayApplication in 17.662 seconds (JVM running for 25.166)
2018-02-22 at 20:38:43.977 EST INFO  - Before Executing String holiday.web.controllers.holidayController.getAllCountries()
2018-02-22 at 20:38:43.988 EST INFO  - Before Executing String holiday.web.services.HolidayService.getAllCountries()
2018-02-22 at 20:38:47.380 EST INFO  - After Returning String holiday.web.services.HolidayService.getAllCountries()
2018-02-22 at 20:38:47.382 EST INFO  - After Finally String holiday.web.services.HolidayService.getAllCountries()
2018-02-22 at 20:38:47.383 EST INFO  - After Returning String holiday.web.controllers.holidayController.getAllCountries()
2018-02-22 at 20:38:47.386 EST INFO  - After Finally String holiday.web.controllers.holidayController.getAllCountries()
2018-02-22 at 20:39:13.322 EST INFO  - Before Executing String holiday.web.controllers.holidayController.getStates(String)
2018-02-22 at 20:39:13.323 EST INFO  - Before Executing String holiday.web.services.HolidayService.getStates(String)
2018-02-22 at 20:39:13.906 EST INFO  - After Returning String holiday.web.services.HolidayService.getStates(String)
2018-02-22 at 20:39:13.906 EST INFO  - After Finally String holiday.web.services.HolidayService.getStates(String)
2018-02-22 at 20:39:13.907 EST INFO  - After Returning String holiday.web.controllers.holidayController.getStates(String)
2018-02-22 at 20:39:13.908 EST INFO  - After Finally String holiday.web.controllers.holidayController.getStates(String)
2018-02-22 at 20:39:13.955 EST INFO  - Before Executing String holiday.web.controllers.holidayController.getCountryCities(String)
2018-02-22 at 20:39:13.957 EST INFO  - Before Executing String holiday.web.services.HolidayService.getCountryCities(String)
2018-02-22 at 20:39:14.212 EST INFO  - After Returning String holiday.web.services.HolidayService.getCountryCities(String)
2018-02-22 at 20:39:14.213 EST INFO  - After Finally String holiday.web.services.HolidayService.getCountryCities(String)
2018-02-22 at 20:39:14.214 EST INFO  - After Returning String holiday.web.controllers.holidayController.getCountryCities(String)
2018-02-22 at 20:39:14.215 EST INFO  - After Finally String holiday.web.controllers.holidayController.getCountryCities(String)
2018-02-22 at 20:39:17.029 EST INFO  - Before Executing String holiday.web.controllers.holidayController.getCities(String,String)
2018-02-22 at 20:39:17.030 EST INFO  - Before Executing String holiday.web.services.HolidayService.getCities(String,String)
2018-02-22 at 20:39:17.284 EST INFO  - After Returning String holiday.web.services.HolidayService.getCities(String,String)
2018-02-22 at 20:39:17.284 EST INFO  - After Finally String holiday.web.services.HolidayService.getCities(String,String)
2018-02-22 at 20:39:17.285 EST INFO  - After Returning String holiday.web.controllers.holidayController.getCities(String,String)
2018-02-22 at 20:39:17.285 EST INFO  - After Finally String holiday.web.controllers.holidayController.getCities(String,String)
2018-02-22 at 20:39:26.498 EST INFO  - Before Executing String holiday.web.controllers.holidayController.getStates(String)
2018-02-22 at 20:39:26.499 EST INFO  - Before Executing String holiday.web.services.HolidayService.getStates(String)
2018-02-22 at 20:39:27.840 EST INFO  - After Returning String holiday.web.services.HolidayService.getStates(String)
2018-02-22 at 20:39:27.840 EST INFO  - After Finally String holiday.web.services.HolidayService.getStates(String)
2018-02-22 at 20:39:27.840 EST INFO  - After Returning String holiday.web.controllers.holidayController.getStates(String)
2018-02-22 at 20:39:27.841 EST INFO  - After Finally String holiday.web.controllers.holidayController.getStates(String)
2018-02-22 at 20:39:27.878 EST INFO  - Before Executing String holiday.web.controllers.holidayController.getCountryCities(String)
2018-02-22 at 20:39:27.879 EST INFO  - Before Executing String holiday.web.services.HolidayService.getCountryCities(String)
2018-02-22 at 20:39:28.611 EST INFO  - After Returning String holiday.web.services.HolidayService.getCountryCities(String)
2018-02-22 at 20:39:28.612 EST INFO  - After Finally String holiday.web.services.HolidayService.getCountryCities(String)
2018-02-22 at 20:39:28.613 EST INFO  - After Returning String holiday.web.controllers.holidayController.getCountryCities(String)
2018-02-22 at 20:39:28.613 EST INFO  - After Finally String holiday.web.controllers.holidayController.getCountryCities(String)
2018-02-22 at 20:39:31.474 EST INFO  - Before Executing String holiday.web.controllers.holidayController.getCities(String,String)
2018-02-22 at 20:39:31.475 EST INFO  - Before Executing String holiday.web.services.HolidayService.getCities(String,String)
2018-02-22 at 20:39:31.581 EST INFO  - After Returning String holiday.web.services.HolidayService.getCities(String,String)
2018-02-22 at 20:39:31.582 EST INFO  - After Finally String holiday.web.services.HolidayService.getCities(String,String)
2018-02-22 at 20:39:31.583 EST INFO  - After Returning String holiday.web.controllers.holidayController.getCities(String,String)
2018-02-22 at 20:39:31.583 EST INFO  - After Finally String holiday.web.controllers.holidayController.getCities(String,String)
2018-02-22 at 20:39:36.300 EST INFO  - Before Executing String holiday.web.controllers.holidayController.getCities(String,String)
2018-02-22 at 20:39:36.301 EST INFO  - Before Executing String holiday.web.services.HolidayService.getCities(String,String)
2018-02-22 at 20:39:36.383 EST INFO  - After Returning String holiday.web.services.HolidayService.getCities(String,String)
2018-02-22 at 20:39:36.384 EST INFO  - After Finally String holiday.web.services.HolidayService.getCities(String,String)
2018-02-22 at 20:39:36.385 EST INFO  - After Returning String holiday.web.controllers.holidayController.getCities(String,String)
2018-02-22 at 20:39:36.386 EST INFO  - After Finally String holiday.web.controllers.holidayController.getCities(String,String)
